00:02:08 - INFO  o.a.c.c.C.[Tomcat].[localhost].[/] - Initializing Spring FrameworkServlet 'dispatcherServlet'
00:02:08 - INFO  o.s.web.servlet.DispatcherServlet - FrameworkServlet 'dispatcherServlet': initialization started
00:02:08 - INFO  o.s.web.servlet.DispatcherServlet - FrameworkServlet 'dispatcherServlet': initialization completed in 30 ms
00:02:08 - INFO  o.s.w.s.h.SimpleUrlHandlerMapping - Mapped URL path [/**/favicon.ico] onto handler of type [class org.springframework.web.servlet.resource.ResourceHttpRequestHandler]
00:02:08 - INFO  o.s.w.s.m.m.a.RequestMappingHandlerMapping - Mapped "{[/game/pet/update]}" onto public io.renren.common.utils.R io.renren.modules.generator.controller.PetController.update(io.renren.modules.generator.entity.PetEntity)
00:02:08 - INFO  o.s.w.s.m.m.a.RequestMappingHandlerMapping - Mapped "{[/game/pet/delete]}" onto public io.renren.common.utils.R io.renren.modules.generator.controller.PetController.delete(java.lang.Integer[])
00:02:08 - INFO  o.s.w.s.m.m.a.RequestMappingHandlerMapping - Mapped "{[/game/pet/list]}" onto public io.renren.modules.generator.utils.BaseResp io.renren.modules.generator.controller.PetController.list(javax.servlet.http.HttpServletRequest)
00:02:08 - INFO  o.s.w.s.m.m.a.RequestMappingHandlerMapping - Mapped "{[/game/pet/save]}" onto public io.renren.common.utils.R io.renren.modules.generator.controller.PetController.save(io.renren.modules.generator.entity.PetEntity)
00:02:08 - INFO  o.s.w.s.m.m.a.RequestMappingHandlerMapping - Mapped "{[/game/pet/info/{id}]}" onto public io.renren.common.utils.R io.renren.modules.generator.controller.PetController.info(java.lang.Integer)
00:02:08 - INFO  o.s.w.s.m.m.a.RequestMappingHandlerMapping - Mapped "{[/generator/setting/update]}" onto public io.renren.common.utils.R io.renren.modules.generator.controller.SettingController.update(io.renren.modules.generator.entity.SettingEntity)
00:02:08 - INFO  o.s.w.s.m.m.a.RequestMappingHandlerMapping - Mapped "{[/generator/setting/delete]}" onto public io.renren.common.utils.R io.renren.modules.generator.controller.SettingController.delete(java.lang.Integer[])
00:02:08 - INFO  o.s.w.s.m.m.a.RequestMappingHandlerMapping - Mapped "{[/generator/setting/save]}" onto public io.renren.common.utils.R io.renren.modules.generator.controller.SettingController.save(io.renren.modules.generator.entity.SettingEntity)
00:02:08 - INFO  o.s.w.s.m.m.a.RequestMappingHandlerMapping - Mapped "{[/generator/setting/info/{id}]}" onto public io.renren.common.utils.R io.renren.modules.generator.controller.SettingController.info(java.lang.Integer)
00:02:08 - INFO  o.s.w.s.m.m.a.RequestMappingHandlerMapping - Mapped "{[/generator/user/update]}" onto public io.renren.common.utils.R io.renren.modules.generator.controller.UserController.update(io.renren.modules.generator.entity.UserEntity)
00:02:08 - INFO  o.s.w.s.m.m.a.RequestMappingHandlerMapping - Mapped "{[/generator/user/delete]}" onto public io.renren.common.utils.R io.renren.modules.generator.controller.UserController.delete(java.lang.Long[])
00:02:08 - INFO  o.s.w.s.m.m.a.RequestMappingHandlerMapping - Mapped "{[/generator/user/save]}" onto public io.renren.common.utils.R io.renren.modules.generator.controller.UserController.save(io.renren.modules.generator.entity.UserEntity)
00:02:08 - INFO  o.s.w.s.m.m.a.RequestMappingHandlerMapping - Mapped "{[/generator/user/info/{userId}]}" onto public io.renren.common.utils.R io.renren.modules.generator.controller.UserController.info(java.lang.Long)
00:02:08 - INFO  o.s.w.s.m.m.a.RequestMappingHandlerMapping - Mapped "{[/generator/userpet/update]}" onto public io.renren.common.utils.R io.renren.modules.generator.controller.UserPetController.update(io.renren.modules.generator.entity.UserPetEntity)
00:02:08 - INFO  o.s.w.s.m.m.a.RequestMappingHandlerMapping - Mapped "{[/generator/userpet/delete]}" onto public io.renren.common.utils.R io.renren.modules.generator.controller.UserPetController.delete(java.lang.Integer[])
00:02:08 - INFO  o.s.w.s.m.m.a.RequestMappingHandlerMapping - Mapped "{[/generator/userpet/save]}" onto public io.renren.common.utils.R io.renren.modules.generator.controller.UserPetController.save(io.renren.modules.generator.entity.UserPetEntity)
00:02:08 - INFO  o.s.w.s.m.m.a.RequestMappingHandlerMapping - Mapped "{[/generator/userpet/info/{id}]}" onto public io.renren.common.utils.R io.renren.modules.generator.controller.UserPetController.info(java.lang.Integer)
00:02:08 - INFO  o.s.w.s.m.m.a.RequestMappingHandlerMapping - Mapped "{[/error]}" onto public org.springframework.http.ResponseEntity<java.util.Map<java.lang.String, java.lang.Object>> org.springframework.boot.autoconfigure.web.BasicErrorController.error(javax.servlet.http.HttpServletRequest)
00:02:08 - INFO  o.s.w.s.m.m.a.RequestMappingHandlerMapping - Mapped "{[/error],produces=[text/html]}" onto public org.springframework.web.servlet.ModelAndView org.springframework.boot.autoconfigure.web.BasicErrorController.errorHtml(javax.servlet.http.HttpServletRequest,javax.servlet.http.HttpServletResponse)
00:04:41 - INFO  o.s.w.s.h.SimpleUrlHandlerMapping - Mapped URL path [/**/favicon.ico] onto handler of type [class org.springframework.web.servlet.resource.ResourceHttpRequestHandler]
00:04:41 - INFO  o.s.w.s.m.m.a.RequestMappingHandlerMapping - Mapped "{[/game/pet/update]}" onto public io.renren.common.utils.R io.renren.modules.generator.controller.PetController.update(io.renren.modules.generator.entity.PetEntity)
00:04:41 - INFO  o.s.w.s.m.m.a.RequestMappingHandlerMapping - Mapped "{[/game/pet/delete]}" onto public io.renren.common.utils.R io.renren.modules.generator.controller.PetController.delete(java.lang.Integer[])
00:04:41 - INFO  o.s.w.s.m.m.a.RequestMappingHandlerMapping - Mapped "{[/game/pet/list]}" onto public io.renren.modules.generator.utils.BaseResp io.renren.modules.generator.controller.PetController.list(javax.servlet.http.HttpServletRequest)
00:04:41 - INFO  o.s.w.s.m.m.a.RequestMappingHandlerMapping - Mapped "{[/game/pet/save]}" onto public io.renren.common.utils.R io.renren.modules.generator.controller.PetController.save(io.renren.modules.generator.entity.PetEntity)
00:04:41 - INFO  o.s.w.s.m.m.a.RequestMappingHandlerMapping - Mapped "{[/game/pet/info/{id}]}" onto public io.renren.common.utils.R io.renren.modules.generator.controller.PetController.info(java.lang.Integer)
00:04:41 - INFO  o.s.w.s.m.m.a.RequestMappingHandlerMapping - Mapped "{[/generator/setting/update]}" onto public io.renren.common.utils.R io.renren.modules.generator.controller.SettingController.update(io.renren.modules.generator.entity.SettingEntity)
00:04:41 - INFO  o.s.w.s.m.m.a.RequestMappingHandlerMapping - Mapped "{[/generator/setting/delete]}" onto public io.renren.common.utils.R io.renren.modules.generator.controller.SettingController.delete(java.lang.Integer[])
00:04:41 - INFO  o.s.w.s.m.m.a.RequestMappingHandlerMapping - Mapped "{[/generator/setting/save]}" onto public io.renren.common.utils.R io.renren.modules.generator.controller.SettingController.save(io.renren.modules.generator.entity.SettingEntity)
00:04:41 - INFO  o.s.w.s.m.m.a.RequestMappingHandlerMapping - Mapped "{[/generator/setting/info/{id}]}" onto public io.renren.common.utils.R io.renren.modules.generator.controller.SettingController.info(java.lang.Integer)
00:04:41 - INFO  o.s.w.s.m.m.a.RequestMappingHandlerMapping - Mapped "{[/user/user/update]}" onto public io.renren.common.utils.R io.renren.modules.generator.controller.UserController.update(io.renren.modules.generator.entity.UserEntity)
00:04:41 - INFO  o.s.w.s.m.m.a.RequestMappingHandlerMapping - Mapped "{[/user/user/delete]}" onto public io.renren.common.utils.R io.renren.modules.generator.controller.UserController.delete(java.lang.Long[])
00:04:41 - INFO  o.s.w.s.m.m.a.RequestMappingHandlerMapping - Mapped "{[/user/user/list]}" onto public io.renren.modules.generator.utils.BaseResp io.renren.modules.generator.controller.UserController.list(javax.servlet.http.HttpServletRequest)
00:04:41 - INFO  o.s.w.s.m.m.a.RequestMappingHandlerMapping - Mapped "{[/user/user/save]}" onto public io.renren.common.utils.R io.renren.modules.generator.controller.UserController.save(io.renren.modules.generator.entity.UserEntity)
00:04:41 - INFO  o.s.w.s.m.m.a.RequestMappingHandlerMapping - Mapped "{[/user/user/info/{userId}]}" onto public io.renren.common.utils.R io.renren.modules.generator.controller.UserController.info(java.lang.Long)
00:04:41 - INFO  o.s.w.s.m.m.a.RequestMappingHandlerMapping - Mapped "{[/generator/userpet/update]}" onto public io.renren.common.utils.R io.renren.modules.generator.controller.UserPetController.update(io.renren.modules.generator.entity.UserPetEntity)
00:04:41 - INFO  o.s.w.s.m.m.a.RequestMappingHandlerMapping - Mapped "{[/generator/userpet/delete]}" onto public io.renren.common.utils.R io.renren.modules.generator.controller.UserPetController.delete(java.lang.Integer[])
00:04:41 - INFO  o.s.w.s.m.m.a.RequestMappingHandlerMapping - Mapped "{[/generator/userpet/save]}" onto public io.renren.common.utils.R io.renren.modules.generator.controller.UserPetController.save(io.renren.modules.generator.entity.UserPetEntity)
00:04:41 - INFO  o.s.w.s.m.m.a.RequestMappingHandlerMapping - Mapped "{[/generator/userpet/info/{id}]}" onto public io.renren.common.utils.R io.renren.modules.generator.controller.UserPetController.info(java.lang.Integer)
00:04:41 - INFO  o.s.w.s.m.m.a.RequestMappingHandlerMapping - Mapped "{[/error]}" onto public org.springframework.http.ResponseEntity<java.util.Map<java.lang.String, java.lang.Object>> org.springframework.boot.autoconfigure.web.BasicErrorController.error(javax.servlet.http.HttpServletRequest)
00:04:41 - INFO  o.s.w.s.m.m.a.RequestMappingHandlerMapping - Mapped "{[/error],produces=[text/html]}" onto public org.springframework.web.servlet.ModelAndView org.springframework.boot.autoconfigure.web.BasicErrorController.errorHtml(javax.servlet.http.HttpServletRequest,javax.servlet.http.HttpServletResponse)
00:04:41 - INFO  o.s.w.s.h.SimpleUrlHandlerMapping - Mapped URL path [/webjars/**] onto handler of type [class org.springframework.web.servlet.resource.ResourceHttpRequestHandler]
00:04:41 - INFO  o.s.w.s.h.SimpleUrlHandlerMapping - Mapped URL path [/**] onto handler of type [class org.springframework.web.servlet.resource.ResourceHttpRequestHandler]
00:05:22 - INFO  o.s.w.s.h.SimpleUrlHandlerMapping - Mapped URL path [/**/favicon.ico] onto handler of type [class org.springframework.web.servlet.resource.ResourceHttpRequestHandler]
00:05:22 - INFO  o.s.w.s.m.m.a.RequestMappingHandlerMapping - Mapped "{[/game/pet/update]}" onto public io.renren.common.utils.R io.renren.modules.generator.controller.PetController.update(io.renren.modules.generator.entity.PetEntity)
00:05:22 - INFO  o.s.w.s.m.m.a.RequestMappingHandlerMapping - Mapped "{[/game/pet/delete]}" onto public io.renren.common.utils.R io.renren.modules.generator.controller.PetController.delete(java.lang.Integer[])
00:05:22 - INFO  o.s.w.s.m.m.a.RequestMappingHandlerMapping - Mapped "{[/game/pet/list]}" onto public io.renren.modules.generator.utils.BaseResp io.renren.modules.generator.controller.PetController.list(javax.servlet.http.HttpServletRequest)
00:05:22 - INFO  o.s.w.s.m.m.a.RequestMappingHandlerMapping - Mapped "{[/game/pet/save]}" onto public io.renren.common.utils.R io.renren.modules.generator.controller.PetController.save(io.renren.modules.generator.entity.PetEntity)
00:05:22 - INFO  o.s.w.s.m.m.a.RequestMappingHandlerMapping - Mapped "{[/game/pet/info/{id}]}" onto public io.renren.common.utils.R io.renren.modules.generator.controller.PetController.info(java.lang.Integer)
00:05:22 - INFO  o.s.w.s.m.m.a.RequestMappingHandlerMapping - Mapped "{[/generator/setting/update]}" onto public io.renren.common.utils.R io.renren.modules.generator.controller.SettingController.update(io.renren.modules.generator.entity.SettingEntity)
00:05:22 - INFO  o.s.w.s.m.m.a.RequestMappingHandlerMapping - Mapped "{[/generator/setting/delete]}" onto public io.renren.common.utils.R io.renren.modules.generator.controller.SettingController.delete(java.lang.Integer[])
00:05:22 - INFO  o.s.w.s.m.m.a.RequestMappingHandlerMapping - Mapped "{[/generator/setting/save]}" onto public io.renren.common.utils.R io.renren.modules.generator.controller.SettingController.save(io.renren.modules.generator.entity.SettingEntity)
00:05:22 - INFO  o.s.w.s.m.m.a.RequestMappingHandlerMapping - Mapped "{[/generator/setting/info/{id}]}" onto public io.renren.common.utils.R io.renren.modules.generator.controller.SettingController.info(java.lang.Integer)
00:05:22 - INFO  o.s.w.s.m.m.a.RequestMappingHandlerMapping - Mapped "{[/game/user/update]}" onto public io.renren.common.utils.R io.renren.modules.generator.controller.UserController.update(io.renren.modules.generator.entity.UserEntity)
00:05:22 - INFO  o.s.w.s.m.m.a.RequestMappingHandlerMapping - Mapped "{[/game/user/delete]}" onto public io.renren.common.utils.R io.renren.modules.generator.controller.UserController.delete(java.lang.Long[])
00:05:22 - INFO  o.s.w.s.m.m.a.RequestMappingHandlerMapping - Mapped "{[/game/user/list]}" onto public io.renren.modules.generator.utils.BaseResp io.renren.modules.generator.controller.UserController.list(javax.servlet.http.HttpServletRequest)
00:05:22 - INFO  o.s.w.s.m.m.a.RequestMappingHandlerMapping - Mapped "{[/game/user/save]}" onto public io.renren.common.utils.R io.renren.modules.generator.controller.UserController.save(io.renren.modules.generator.entity.UserEntity)
00:05:22 - INFO  o.s.w.s.m.m.a.RequestMappingHandlerMapping - Mapped "{[/game/user/info/{userId}]}" onto public io.renren.common.utils.R io.renren.modules.generator.controller.UserController.info(java.lang.Long)
00:05:22 - INFO  o.s.w.s.m.m.a.RequestMappingHandlerMapping - Mapped "{[/generator/userpet/update]}" onto public io.renren.common.utils.R io.renren.modules.generator.controller.UserPetController.update(io.renren.modules.generator.entity.UserPetEntity)
00:05:22 - INFO  o.s.w.s.m.m.a.RequestMappingHandlerMapping - Mapped "{[/generator/userpet/delete]}" onto public io.renren.common.utils.R io.renren.modules.generator.controller.UserPetController.delete(java.lang.Integer[])
00:05:22 - INFO  o.s.w.s.m.m.a.RequestMappingHandlerMapping - Mapped "{[/generator/userpet/save]}" onto public io.renren.common.utils.R io.renren.modules.generator.controller.UserPetController.save(io.renren.modules.generator.entity.UserPetEntity)
00:05:22 - INFO  o.s.w.s.m.m.a.RequestMappingHandlerMapping - Mapped "{[/generator/userpet/info/{id}]}" onto public io.renren.common.utils.R io.renren.modules.generator.controller.UserPetController.info(java.lang.Integer)
00:05:22 - INFO  o.s.w.s.m.m.a.RequestMappingHandlerMapping - Mapped "{[/error]}" onto public org.springframework.http.ResponseEntity<java.util.Map<java.lang.String, java.lang.Object>> org.springframework.boot.autoconfigure.web.BasicErrorController.error(javax.servlet.http.HttpServletRequest)
00:05:22 - INFO  o.s.w.s.m.m.a.RequestMappingHandlerMapping - Mapped "{[/error],produces=[text/html]}" onto public org.springframework.web.servlet.ModelAndView org.springframework.boot.autoconfigure.web.BasicErrorController.errorHtml(javax.servlet.http.HttpServletRequest,javax.servlet.http.HttpServletResponse)
